#! /usr/bin/vvp
:ivl_version "10.3 (stable)";
:ivl_delay_selection "TYPICAL";
:vpi_time_precision + 0;
:vpi_module "system";
:vpi_module "vhdl_sys";
:vpi_module "v2005_math";
:vpi_module "va_math";
S_0x5573db7b8f20 .scope module, "booth_tb" "booth_tb" 2 81;
 .timescale 0 0;
v0x5573db7d10e0_0 .net "active", 0 0, v0x5573db7d0770_0;  1 drivers
v0x5573db7d11a0_0 .var "clk", 0 0;
v0x5573db7d1270_0 .var "multiplicand", 7 0;
v0x5573db7d1370_0 .var "multiplier", 7 0;
v0x5573db7d1440_0 .net "result", 15 0, v0x5573db7d0be0_0;  1 drivers
v0x5573db7d14e0_0 .var "rst", 0 0;
v0x5573db7d15b0_0 .var "start", 0 0;
E_0x5573db7b1e50 .event posedge, v0x5573db7d0880_0;
S_0x5573db7b90c0 .scope module, "uut" "booth_mult" 2 89, 2 1 0, S_0x5573db7b8f20;
 .timescale 0 0;
    .port_info 0 /OUTPUT 16 "result"
    .port_info 1 /INPUT 8 "multiplicand"
    .port_info 2 /INPUT 8 "multiplier"
    .port_info 3 /INPUT 1 "clk"
    .port_info 4 /INPUT 1 "rst"
    .port_info 5 /INPUT 1 "start"
    .port_info 6 /OUTPUT 1 "active"
v0x5573db77c150_0 .var "A", 7 0;
v0x5573db7d0510_0 .var "M", 7 0;
v0x5573db7d05f0_0 .var "Q", 7 0;
v0x5573db7d06b0_0 .var "Q_prev", 0 0;
v0x5573db7d0770_0 .var "active", 0 0;
v0x5573db7d0880_0 .net "clk", 0 0, v0x5573db7d11a0_0;  1 drivers
v0x5573db7d0940_0 .var "count", 3 0;
v0x5573db7d0a20_0 .net "multiplicand", 7 0, v0x5573db7d1270_0;  1 drivers
v0x5573db7d0b00_0 .net "multiplier", 7 0, v0x5573db7d1370_0;  1 drivers
v0x5573db7d0be0_0 .var "result", 15 0;
v0x5573db7d0cc0_0 .net "rst", 0 0, v0x5573db7d14e0_0;  1 drivers
v0x5573db7d0d80_0 .net "start", 0 0, v0x5573db7d15b0_0;  1 drivers
v0x5573db7d0e40_0 .var "state", 1 0;
v0x5573db7d0f20_0 .var "temp", 7 0;
E_0x5573db7b2e90 .event posedge, v0x5573db7d0cc0_0, v0x5573db7d0880_0;
    .scope S_0x5573db7b90c0;
T_0 ;
    %wait E_0x5573db7b2e90;
    %vpi_call 2 29 "$display", "count = %d, A = %b, Q = %b, M = %b, start=%d, state=%b", v0x5573db7d0940_0, v0x5573db77c150_0, v0x5573db7d05f0_0, v0x5573db7d0510_0, v0x5573db7d0d80_0, v0x5573db7d0e40_0 {0 0 0};
    %load/vec4 v0x5573db7d0cc0_0;
    %flag_set/vec4 8;
    %jmp/0xz  T_0.0, 8;
    %pushi/vec4 0, 0, 1;
    %assign/vec4 v0x5573db7d0770_0, 0;
    %pushi/vec4 0, 0, 16;
    %assign/vec4 v0x5573db7d0be0_0, 0;
    %pushi/vec4 0, 0, 4;
    %assign/vec4 v0x5573db7d0940_0, 0;
    %pushi/vec4 0, 0, 8;
    %assign/vec4 v0x5573db77c150_0, 0;
    %pushi/vec4 0, 0, 8;
    %assign/vec4 v0x5573db7d05f0_0, 0;
    %pushi/vec4 0, 0, 1;
    %assign/vec4 v0x5573db7d06b0_0, 0;
    %pushi/vec4 0, 0, 8;
    %assign/vec4 v0x5573db7d0510_0, 0;
T_0.0 ;
    %load/vec4 v0x5573db7d0d80_0;
    %flag_set/vec4 8;
    %jmp/0xz  T_0.2, 8;
    %pushi/vec4 1, 0, 1;
    %assign/vec4 v0x5573db7d0770_0, 0;
    %pushi/vec4 0, 0, 16;
    %assign/vec4 v0x5573db7d0be0_0, 0;
    %pushi/vec4 8, 0, 4;
    %assign/vec4 v0x5573db7d0940_0, 0;
    %pushi/vec4 0, 0, 8;
    %assign/vec4 v0x5573db77c150_0, 0;
    %load/vec4 v0x5573db7d0b00_0;
    %assign/vec4 v0x5573db7d05f0_0, 0;
    %pushi/vec4 0, 0, 1;
    %assign/vec4 v0x5573db7d06b0_0, 0;
    %load/vec4 v0x5573db7d0a20_0;
    %assign/vec4 v0x5573db7d0510_0, 0;
    %pushi/vec4 0, 0, 2;
    %assign/vec4 v0x5573db7d0e40_0, 0;
    %jmp T_0.3;
T_0.2 ;
    %load/vec4 v0x5573db7d0770_0;
    %flag_set/vec4 8;
    %jmp/0xz  T_0.4, 8;
    %load/vec4 v0x5573db7d05f0_0;
    %parti/s 1, 0, 2;
    %load/vec4 v0x5573db7d06b0_0;
    %concat/vec4; draw_concat_vec4
    %store/vec4 v0x5573db7d0e40_0, 0, 2;
    %load/vec4 v0x5573db7d0e40_0;
    %dup/vec4;
    %pushi/vec4 2, 0, 2;
    %cmp/u;
    %jmp/1 T_0.6, 6;
    %dup/vec4;
    %pushi/vec4 1, 0, 2;
    %cmp/u;
    %jmp/1 T_0.7, 6;
    %load/vec4 v0x5573db77c150_0;
    %parti/s 1, 7, 4;
    %load/vec4 v0x5573db77c150_0;
    %concat/vec4; draw_concat_vec4
    %load/vec4 v0x5573db7d05f0_0;
    %concat/vec4; draw_concat_vec4
    %split/vec4 1;
    %store/vec4 v0x5573db7d06b0_0, 0, 1;
    %split/vec4 8;
    %store/vec4 v0x5573db7d05f0_0, 0, 8;
    %store/vec4 v0x5573db77c150_0, 0, 8;
    %jmp T_0.9;
T_0.6 ;
    %load/vec4 v0x5573db77c150_0;
    %load/vec4 v0x5573db7d0510_0;
    %inv;
    %add;
    %addi 1, 0, 8;
    %store/vec4 v0x5573db7d0f20_0, 0, 8;
    %load/vec4 v0x5573db7d0f20_0;
    %parti/s 1, 7, 4;
    %load/vec4 v0x5573db7d0f20_0;
    %concat/vec4; draw_concat_vec4
    %load/vec4 v0x5573db7d05f0_0;
    %concat/vec4; draw_concat_vec4
    %split/vec4 1;
    %store/vec4 v0x5573db7d06b0_0, 0, 1;
    %split/vec4 8;
    %store/vec4 v0x5573db7d05f0_0, 0, 8;
    %store/vec4 v0x5573db77c150_0, 0, 8;
    %jmp T_0.9;
T_0.7 ;
    %load/vec4 v0x5573db77c150_0;
    %load/vec4 v0x5573db7d0510_0;
    %add;
    %store/vec4 v0x5573db7d0f20_0, 0, 8;
    %load/vec4 v0x5573db7d0f20_0;
    %parti/s 1, 7, 4;
    %load/vec4 v0x5573db7d0f20_0;
    %concat/vec4; draw_concat_vec4
    %load/vec4 v0x5573db7d05f0_0;
    %concat/vec4; draw_concat_vec4
    %split/vec4 1;
    %store/vec4 v0x5573db7d06b0_0, 0, 1;
    %split/vec4 8;
    %store/vec4 v0x5573db7d05f0_0, 0, 8;
    %store/vec4 v0x5573db77c150_0, 0, 8;
    %jmp T_0.9;
T_0.9 ;
    %pop/vec4 1;
    %load/vec4 v0x5573db7d0940_0;
    %subi 1, 0, 4;
    %store/vec4 v0x5573db7d0940_0, 0, 4;
    %pushi/vec4 0, 0, 32;
    %load/vec4 v0x5573db7d0940_0;
    %pad/u 32;
    %cmp/u;
    %flag_get/vec4 5;
    %assign/vec4 v0x5573db7d0770_0, 0;
    %load/vec4 v0x5573db77c150_0;
    %load/vec4 v0x5573db7d05f0_0;
    %concat/vec4; draw_concat_vec4
    %assign/vec4 v0x5573db7d0be0_0, 0;
T_0.4 ;
T_0.3 ;
    %jmp T_0;
    .thread T_0;
    .scope S_0x5573db7b8f20;
T_1 ;
    %delay 1, 0;
    %load/vec4 v0x5573db7d11a0_0;
    %inv;
    %store/vec4 v0x5573db7d11a0_0, 0, 1;
    %jmp T_1;
    .thread T_1;
    .scope S_0x5573db7b8f20;
T_2 ;
    %wait E_0x5573db7b1e50;
    %vpi_call 2 102 "$display", "result = %b,active = %b", v0x5573db7d1440_0, v0x5573db7d10e0_0 {0 0 0};
    %jmp T_2;
    .thread T_2;
    .scope S_0x5573db7b8f20;
T_3 ;
    %pushi/vec4 0, 0, 1;
    %store/vec4 v0x5573db7d11a0_0, 0, 1;
    %pushi/vec4 0, 0, 1;
    %store/vec4 v0x5573db7d14e0_0, 0, 1;
    %pushi/vec4 6, 0, 8;
    %store/vec4 v0x5573db7d1370_0, 0, 8;
    %pushi/vec4 252, 0, 8;
    %store/vec4 v0x5573db7d1270_0, 0, 8;
    %pushi/vec4 0, 0, 1;
    %store/vec4 v0x5573db7d15b0_0, 0, 1;
    %delay 1, 0;
    %pushi/vec4 1, 0, 1;
    %store/vec4 v0x5573db7d14e0_0, 0, 1;
    %delay 1, 0;
    %pushi/vec4 0, 0, 1;
    %store/vec4 v0x5573db7d14e0_0, 0, 1;
    %delay 1, 0;
    %pushi/vec4 1, 0, 1;
    %store/vec4 v0x5573db7d15b0_0, 0, 1;
    %delay 1, 0;
    %pushi/vec4 0, 0, 1;
    %store/vec4 v0x5573db7d15b0_0, 0, 1;
    %delay 20, 0;
    %vpi_call 2 120 "$finish" {0 0 0};
    %end;
    .thread T_3;
# The file index is used to find the file name in the following table.
:file_names 3;
    "N/A";
    "<interactive>";
    "booth_mult.v";
