Running: /opt/Xilinx/14.7/ISE_DS/ISE/bin/lin64/unwrapped/fuse -intstyle ise -incremental -lib unisims_ver -lib unimacro_ver -lib xilinxcorelib_ver -lib secureip -o /home/ise/shared_xlnx/Asgn5_Q1/test_lfsr_isim_beh.exe -prj /home/ise/shared_xlnx/Asgn5_Q1/test_lfsr_beh.prj work.test_lfsr work.glbl 
ISim P.20131013 (signature 0xfbc00daa)
Number of CPUs detected in this system: 1
Turning on mult-threading, number of parallel sub-compilation jobs: 0 
Determining compilation order of HDL files
Analyzing Verilog file "/home/ise/shared_xlnx/Asgn5_Q1/mux2to1.v" into library work
Analyzing Verilog file "/home/ise/shared_xlnx/Asgn5_Q1/dff.v" into library work
Analyzing Verilog file "/home/ise/shared_xlnx/Asgn5_Q1/lfsr.v" into library work
Analyzing Verilog file "/home/ise/shared_xlnx/Asgn5_Q1/test_lfsr.v" into library work
Analyzing Verilog file "/opt/Xilinx/14.7/ISE_DS/ISE//verilog/src/glbl.v" into library work
Starting static elaboration
Completed static elaboration
Fuse Memory Usage: 94916 KB
Fuse CPU Usage: 1230 ms
Compiling module mux2to1
Compiling module DFF
Compiling module LFSR4Bit
Compiling module test_lfsr
Compiling module glbl
Time Resolution for simulation is 1ps.
Compiled 5 Verilog Units
Built simulation executable /home/ise/shared_xlnx/Asgn5_Q1/test_lfsr_isim_beh.exe
Fuse Memory Usage: 98040 KB
Fuse CPU Usage: 1270 ms
GCC CPU Usage: 330 ms
