Running: /opt/Xilinx/14.7/ISE_DS/ISE/bin/lin64/unwrapped/fuse -intstyle ise -incremental -lib unisims_ver -lib unimacro_ver -lib xilinxcorelib_ver -lib secureip -o /home/ise/shared_xlnx/CS39001-Computer-Architecture-And-Organization-Lab/KGP_RISC/kgp_risc/TB_adder_isim_beh.exe -prj /home/ise/shared_xlnx/CS39001-Computer-Architecture-And-Organization-Lab/KGP_RISC/kgp_risc/TB_adder_beh.prj work.TB_adder work.glbl 
ISim P.20131013 (signature 0xfbc00daa)
Number of CPUs detected in this system: 1
Turning on mult-threading, number of parallel sub-compilation jobs: 0 
Determining compilation order of HDL files
Analyzing Verilog file "/home/ise/shared_xlnx/CS39001-Computer-Architecture-And-Organization-Lab/KGP_RISC/kgp_risc/adder.v" into library work
Analyzing Verilog file "/home/ise/shared_xlnx/CS39001-Computer-Architecture-And-Organization-Lab/KGP_RISC/kgp_risc/TB_adder.v" into library work
Analyzing Verilog file "/opt/Xilinx/14.7/ISE_DS/ISE//verilog/src/glbl.v" into library work
Starting static elaboration
Completed static elaboration
Fuse Memory Usage: 94916 KB
Fuse CPU Usage: 1130 ms
Compiling module Adder
Compiling module TB_adder
Compiling module glbl
Time Resolution for simulation is 1ps.
Compiled 3 Verilog Units
Built simulation executable /home/ise/shared_xlnx/CS39001-Computer-Architecture-And-Organization-Lab/KGP_RISC/kgp_risc/TB_adder_isim_beh.exe
Fuse Memory Usage: 98028 KB
Fuse CPU Usage: 1170 ms
GCC CPU Usage: 260 ms
