Running: /opt/Xilinx/14.7/ISE_DS/ISE/bin/lin64/unwrapped/fuse -intstyle ise -incremental -lib unisims_ver -lib unimacro_ver -lib xilinxcorelib_ver -lib secureip -o /home/ise/shared_xlnx/Asgn5_Q2/test_2scomplement_isim_beh.exe -prj /home/ise/shared_xlnx/Asgn5_Q2/test_2scomplement_beh.prj work.test_2scomplement work.glbl 
ISim P.20131013 (signature 0xfbc00daa)
Number of CPUs detected in this system: 1
Turning on mult-threading, number of parallel sub-compilation jobs: 0 
Determining compilation order of HDL files
Analyzing Verilog file "/home/ise/shared_xlnx/Asgn5_Q2/two_compl.v" into library work
Analyzing Verilog file "/home/ise/shared_xlnx/Asgn5_Q2/shiftreg.v" into library work
Analyzing Verilog file "/home/ise/shared_xlnx/Asgn5_Q2/test_2scomplement.v" into library work
Analyzing Verilog file "/opt/Xilinx/14.7/ISE_DS/ISE//verilog/src/glbl.v" into library work
Starting static elaboration
Completed static elaboration
Fuse Memory Usage: 94920 KB
Fuse CPU Usage: 1220 ms
Compiling module ShiftRegRight
Compiling module TwosComplementor
Compiling module test_2scomplement
Compiling module glbl
Time Resolution for simulation is 1ps.
Compiled 4 Verilog Units
Built simulation executable /home/ise/shared_xlnx/Asgn5_Q2/test_2scomplement_isim_beh.exe
Fuse Memory Usage: 98044 KB
Fuse CPU Usage: 1250 ms
GCC CPU Usage: 340 ms
